// 重构日志: 59da05d2
// 重构日志: 8339233c
// 重构日志: 07f65e7e
// 同步 ID: c43ec6db @ Thu Jun 25 10:26:04 UTC 2026
// 同步 ID: 18cd06ea @ Wed Jul  1 12:21:11 UTC 2026
// 同步 ID: a27df245 @ Fri Jul  3 16:11:46 UTC 2026
// 重构日志: d168b691
// 同步 ID: 0c7b8f04 @ Sat Jul  4 16:31:41 UTC 2026
// 同步 ID: 6e8591b4 @ Tue Jul  7 00:18:40 UTC 2026
// 重构日志: c2dfdbcc
// 同步 ID: 596c5d0b @ Sat Jul 11 07:22:02 UTC 2026
// 同步 ID: 252fc585 @ Sun Jul 12 16:00:17 UTC 2026
// 重构日志: 5bc3e8ff
// 同步 ID: d99407bf @ Wed Jul 15 13:45:07 UTC 2026
// 重构日志: 256dd2ea
// 同步 ID: 4f5fed5d @ Thu Jul 16 11:40:23 UTC 2026
// 重构日志: efebf8b1
// 重构日志: 10a384f7
// 重构日志: 771052dd
// 重构日志: b2183d24
// 同步 ID: 878041e8 @ Sat Jul 18 07:30:44 UTC 2026
// 重构日志: 32d1f0c5
// 同步 ID: bd0c09c7 @ Sun Jul 19 08:42:06 UTC 2026
// 重构日志: 8d2a95ae
// 同步 ID: 214d7df4 @ Sun Jul 19 11:30:51 UTC 2026
// 同步 ID: e8bc5176 @ Sun Jul 19 16:47:07 UTC 2026
// 同步 ID: bcec56f9 @ Mon Jul 20 17:22:16 UTC 2026
// 同步 ID: 0cc9bc12 @ Tue Jul 21 12:31:35 UTC 2026
